\BOOKMARK [0][-]{chapter.1}{Introduction}{}% 1
\BOOKMARK [0][-]{chapter.2}{Outline of baryogenesis}{}% 2
\BOOKMARK [1][-]{section.2.1}{Sakharov Conditions}{chapter.2}% 3
\BOOKMARK [2][-]{subsection.2.1.1}{C and CP-violation}{section.2.1}% 4
\BOOKMARK [2][-]{subsection.2.1.2}{Departure from thermal equilibrium}{section.2.1}% 5
\BOOKMARK [1][-]{section.2.2}{Baryogenesis in the Standard Modell}{chapter.2}% 6
\BOOKMARK [2][-]{subsection.2.2.1}{The SU\(2\)LxU\(1\)Y symmetry of the SM}{section.2.2}% 7
\BOOKMARK [2][-]{subsection.2.2.2}{Electroweak baryogenesis}{section.2.2}% 8
\BOOKMARK [2][-]{subsection.2.2.3}{Failures of the SM}{section.2.2}% 9
\BOOKMARK [0][-]{chapter.3}{Outline of leptogenesis}{}% 10
\BOOKMARK [1][-]{section.3.1}{Expandig the SM}{chapter.3}% 11
\BOOKMARK [1][-]{section.3.2}{The seesaw Mechanism}{chapter.3}% 12
\BOOKMARK [1][-]{section.3.3}{Leptogenesis and the Sakharov conditions}{chapter.3}% 13
\BOOKMARK [0][-]{chapter.4}{Analytic approximations and calculations}{}% 14
\BOOKMARK [1][-]{section.4.1}{Rate equations for leptogenesis}{chapter.4}% 15
\BOOKMARK [0][-]{chapter.5}{Summary}{}% 16
\BOOKMARK [0][-]{appendix.A}{Appendix A}{}% 17
\BOOKMARK [1][-]{section.A.1}{Feynman rules for the Yukawa interaction}{appendix.A}% 18
\BOOKMARK [1][-]{section.A.2}{The tree level decay rate for heavy neutrinos}{appendix.A}% 19
\BOOKMARK [0][-]{appendix.B}{Appendix B}{}% 20
\BOOKMARK [1][-]{section.B.1}{Integrating the rate equation over phase space}{appendix.B}% 21
\BOOKMARK [1][-]{section.B.2}{Detailed calculation of B-L}{appendix.B}% 22
